oct.-13 15:53:56.299 [main] INFO  com.askimed.nf.test.App - nf-test 0.9.2
oct.-13 15:53:56.322 [main] INFO  com.askimed.nf.test.App - Arguments: [test, /home/olivier/repositories/genome_annotator/modules/local/interproscan/tests/main.nf.test, --debug, --verbose, --profile, docker]
oct.-13 15:53:57.512 [main] INFO  com.askimed.nf.test.App - Nextflow Version: 25.04.6
oct.-13 15:53:57.514 [main] INFO  com.askimed.nf.test.commands.RunTestsCommand - Load config from file /home/olivier/repositories/genome_annotator/nf-test.config...
oct.-13 15:54:02.860 [main] INFO  com.askimed.nf.test.lang.dependencies.DependencyResolver - Loaded 51 files from directory /home/olivier/repositories/genome_annotator in 4.656 sec
oct.-13 15:54:02.862 [main] INFO  com.askimed.nf.test.lang.dependencies.DependencyResolver - Found 1 files containing tests.
oct.-13 15:54:02.862 [main] DEBUG com.askimed.nf.test.lang.dependencies.DependencyResolver - Found files: [/home/olivier/repositories/genome_annotator/modules/local/interproscan/tests/main.nf.test]
oct.-13 15:54:02.989 [main] INFO  com.askimed.nf.test.commands.RunTestsCommand - Found 1 tests to execute.
oct.-13 15:54:02.989 [main] INFO  com.askimed.nf.test.core.TestExecutionEngine - Started test plan
oct.-13 15:54:02.989 [main] INFO  com.askimed.nf.test.core.TestExecutionEngine - Running testsuite 'Test Process INTERPROSCAN' from file '/home/olivier/repositories/genome_annotator/modules/local/interproscan/tests/main.nf.test'.
oct.-13 15:54:02.990 [main] INFO  com.askimed.nf.test.core.TestExecutionEngine - Run test '966b59e0: sarscov2 - proteome_fasta'. type: com.askimed.nf.test.lang.process.ProcessTest
oct.-13 15:55:29.847 [main] INFO  com.askimed.nf.test.core.TestExecutionEngine - Test '966b59e0: sarscov2 - proteome_fasta' finished. status: FAILED
org.codehaus.groovy.runtime.powerassert.PowerAssertionError: 1 of 1 assertions failed
	at com.askimed.nf.test.lang.extensions.GlobalMethods.assertAll(GlobalMethods.java:48)
	at java.base/jdk.internal.reflect.NativeMethodAccessorImpl.invoke0(Native Method)
	at java.base/jdk.internal.reflect.NativeMethodAccessorImpl.invoke(NativeMethodAccessorImpl.java:77)
	at java.base/jdk.internal.reflect.DelegatingMethodAccessorImpl.invoke(DelegatingMethodAccessorImpl.java:43)
	at java.base/java.lang.reflect.Method.invoke(Method.java:568)
	at org.codehaus.groovy.reflection.CachedMethod.invoke(CachedMethod.java:107)
	at groovy.lang.MetaMethod.doMethodInvoke(MetaMethod.java:323)
	at org.codehaus.groovy.runtime.callsite.StaticMetaMethodSite.invoke(StaticMetaMethodSite.java:44)
	at org.codehaus.groovy.runtime.callsite.StaticMetaMethodSite.callStatic(StaticMetaMethodSite.java:100)
	at org.codehaus.groovy.runtime.callsite.CallSiteArray.defaultCallStatic(CallSiteArray.java:55)
	at org.codehaus.groovy.runtime.callsite.AbstractCallSite.callStatic(AbstractCallSite.java:217)
	at org.codehaus.groovy.runtime.callsite.AbstractCallSite.callStatic(AbstractCallSite.java:231)
	at main_nf$_run_closure1$_closure2$_closure4.doCall(main.nf.test:28)
	at main_nf$_run_closure1$_closure2$_closure4.doCall(main.nf.test)
	at java.base/jdk.internal.reflect.NativeMethodAccessorImpl.invoke0(Native Method)
	at java.base/jdk.internal.reflect.NativeMethodAccessorImpl.invoke(NativeMethodAccessorImpl.java:77)
	at java.base/jdk.internal.reflect.DelegatingMethodAccessorImpl.invoke(DelegatingMethodAccessorImpl.java:43)
	at java.base/java.lang.reflect.Method.invoke(Method.java:568)
	at org.codehaus.groovy.reflection.CachedMethod.invoke(CachedMethod.java:107)
	at groovy.lang.MetaMethod.doMethodInvoke(MetaMethod.java:323)
	at org.codehaus.groovy.runtime.metaclass.ClosureMetaClass.invokeMethod(ClosureMetaClass.java:274)
	at groovy.lang.MetaClassImpl.invokeMethod(MetaClassImpl.java:1030)
	at groovy.lang.Closure.call(Closure.java:427)
	at groovy.lang.Closure.call(Closure.java:406)
	at com.askimed.nf.test.lang.TestCode.execute(TestCode.java:16)
	at com.askimed.nf.test.lang.process.ProcessTest.execute(ProcessTest.java:171)
	at com.askimed.nf.test.core.TestExecutionEngine.execute(TestExecutionEngine.java:165)
	at com.askimed.nf.test.commands.RunTestsCommand.execute(RunTestsCommand.java:298)
	at com.askimed.nf.test.commands.AbstractCommand.call(AbstractCommand.java:43)
	at com.askimed.nf.test.commands.AbstractCommand.call(AbstractCommand.java:18)
	at picocli.CommandLine.executeUserObject(CommandLine.java:1953)
	at picocli.CommandLine.access$1300(CommandLine.java:145)
	at picocli.CommandLine$RunLast.executeUserObjectOfLastSubcommandWithSameParent(CommandLine.java:2352)
	at picocli.CommandLine$RunLast.handle(CommandLine.java:2346)
	at picocli.CommandLine$RunLast.handle(CommandLine.java:2311)
	at picocli.CommandLine$AbstractParseResultHandler.execute(CommandLine.java:2179)
	at picocli.CommandLine.execute(CommandLine.java:2078)
	at com.askimed.nf.test.App.run(App.java:39)
	at com.askimed.nf.test.App.main(App.java:46)
oct.-13 15:55:29.856 [main] INFO  com.askimed.nf.test.core.TestExecutionEngine - Testsuite 'Test Process INTERPROSCAN' finished. snapshot file: false, skipped tests: false, failed tests: true
oct.-13 15:55:29.856 [main] INFO  com.askimed.nf.test.core.TestExecutionEngine - Executed 1 tests. 1 tests failed. Done!
